<?xml version="1.0" encoding="UTF-8"?>
<testng-results skipped="0" failed="0" ignored="0" total="1" passed="1">
  <reporter-output>
  </reporter-output>
  <suite name="Default suite" duration-ms="31359" started-at="2019-04-11T16:59:36Z" finished-at="2019-04-11T17:00:08Z">
    <groups>
    </groups>
    <test name="Default test" duration-ms="31359" started-at="2019-04-11T16:59:36Z" finished-at="2019-04-11T17:00:08Z">
      <class name="newToursWebApplication.NewTours_HomePage">
        <test-method status="PASS" signature="setUp()[pri:0, instance:newToursWebApplication.NewTours_HomePage@5b275dab]" name="setUp" is-config="true" duration-ms="7457" started-at="2019-04-11T16:59:36Z" finished-at="2019-04-11T16:59:44Z">
          <reporter-output>
          </reporter-output>
        </test-method> <!-- setUp -->
        <test-method status="PASS" signature="homepage()[pri:0, instance:newToursWebApplication.NewTours_HomePage@5b275dab]" name="homepage" duration-ms="23841" started-at="2019-04-11T16:59:44Z" finished-at="2019-04-11T17:00:08Z">
          <reporter-output>
          </reporter-output>
        </test-method> <!-- homepage -->
      </class> <!-- newToursWebApplication.NewTours_HomePage -->
    </test> <!-- Default test -->
  </suite> <!-- Default suite -->
</testng-results>
